mode: set
github.com/bradobro/gu/reporter.go:44.28,46.2 1 1
github.com/bradobro/gu/reporter.go:48.52,50.17 2 1
github.com/bradobro/gu/reporter.go:59.2,59.8 1 1
github.com/bradobro/gu/reporter.go:50.17,53.3 2 1
github.com/bradobro/gu/reporter.go:53.8,55.3 1 1
github.com/bradobro/gu/reporter.go:63.64,66.2 1 1
github.com/bradobro/gu/reporter.go:75.66,77.2 1 1
github.com/bradobro/gu/reporter.go:80.45,82.2 1 1
github.com/bradobro/gu/reporter.go:85.73,86.16 1 1
github.com/bradobro/gu/reporter.go:89.2,91.19 3 1
github.com/bradobro/gu/reporter.go:94.2,94.19 1 1
github.com/bradobro/gu/reporter.go:97.2,97.8 1 1
github.com/bradobro/gu/reporter.go:86.16,88.3 1 1
github.com/bradobro/gu/reporter.go:91.19,93.3 1 1
github.com/bradobro/gu/reporter.go:94.19,96.3 1 1
github.com/bradobro/gu/reporter.go:103.76,107.32 4 1
github.com/bradobro/gu/reporter.go:110.2,112.21 3 1
github.com/bradobro/gu/reporter.go:115.2,115.21 1 1
github.com/bradobro/gu/reporter.go:118.2,118.22 1 1
github.com/bradobro/gu/reporter.go:121.2,122.19 2 1
github.com/bradobro/gu/reporter.go:125.2,125.14 1 1
github.com/bradobro/gu/reporter.go:107.32,109.3 1 1
github.com/bradobro/gu/reporter.go:112.21,114.3 1 1
github.com/bradobro/gu/reporter.go:115.21,117.3 1 1
github.com/bradobro/gu/reporter.go:118.22,120.3 1 1
github.com/bradobro/gu/reporter.go:122.19,124.3 1 1
github.com/bradobro/gu/reporter.go:129.85,130.28 1 1
github.com/bradobro/gu/reporter.go:133.2,133.37 1 1
github.com/bradobro/gu/reporter.go:130.28,132.3 1 1
github.com/bradobro/gu/reporter.go:137.99,138.28 1 1
github.com/bradobro/gu/reporter.go:141.2,141.17 1 1
github.com/bradobro/gu/reporter.go:144.2,144.30 1 1
github.com/bradobro/gu/reporter.go:147.2,147.8 1 1
github.com/bradobro/gu/reporter.go:138.28,140.3 1 1
github.com/bradobro/gu/reporter.go:141.17,143.3 1 1
github.com/bradobro/gu/reporter.go:144.30,146.3 1 1
github.com/bradobro/gu/reporter.go:154.65,156.35 2 1
github.com/bradobro/gu/reporter.go:163.2,163.8 1 1
github.com/bradobro/gu/reporter.go:156.35,158.10 2 1
github.com/bradobro/gu/reporter.go:161.3,161.45 1 1
github.com/bradobro/gu/reporter.go:158.10,159.9 1 1
github.com/bradobro/gu/reporter.go:168.35,169.65 1 1
github.com/bradobro/gu/reporter.go:172.2,172.31 1 1
github.com/bradobro/gu/reporter.go:169.65,171.3 1 1
github.com/bradobro/gu/assert.go:39.58,45.30 4 1
github.com/bradobro/gu/assert.go:50.2,50.54 1 1
github.com/bradobro/gu/assert.go:53.2,54.23 2 1
github.com/bradobro/gu/assert.go:58.2,59.19 2 1
github.com/bradobro/gu/assert.go:62.2,62.38 1 1
github.com/bradobro/gu/assert.go:65.2,65.16 1 1
github.com/bradobro/gu/assert.go:45.30,47.3 1 1
github.com/bradobro/gu/assert.go:50.54,52.3 1 1
github.com/bradobro/gu/assert.go:54.23,56.3 1 1
github.com/bradobro/gu/assert.go:59.19,61.3 1 1
github.com/bradobro/gu/assert.go:62.38,64.3 1 1
github.com/bradobro/gu/assert.go:69.90,72.20 3 1
github.com/bradobro/gu/assert.go:80.2,81.29 2 1
github.com/bradobro/gu/assert.go:91.2,91.8 1 1
github.com/bradobro/gu/assert.go:72.20,74.22 2 1
github.com/bradobro/gu/assert.go:74.22,76.4 1 1
github.com/bradobro/gu/assert.go:77.8,77.29 1 1
github.com/bradobro/gu/assert.go:77.29,79.3 1 1
github.com/bradobro/gu/assert.go:81.29,83.19 2 1
github.com/bradobro/gu/assert.go:83.19,84.58 1 1
github.com/bradobro/gu/assert.go:84.58,86.5 1 1
github.com/bradobro/gu/assert.go:87.9,87.51 1 1
github.com/bradobro/gu/assert.go:87.51,89.4 1 1
github.com/bradobro/gu/assert.go:101.77,110.2 2 1
github.com/bradobro/gu/assert.go:114.95,115.52 1 1
github.com/bradobro/gu/assert.go:115.52,117.22 2 1
github.com/bradobro/gu/assert.go:117.22,120.4 2 1
github.com/bradobro/gu/assert.go:125.81,127.2 1 1
github.com/bradobro/gu/assertions.go:12.38,14.29 1 1
github.com/bradobro/gu/assertions.go:17.2,17.35 1 1
github.com/bradobro/gu/assertions.go:14.29,16.3 1 1
github.com/bradobro/gu/assertions.go:27.50,28.27 1 1
github.com/bradobro/gu/assertions.go:31.2,31.12 1 1
github.com/bradobro/gu/assertions.go:28.27,30.3 1 1
github.com/bradobro/gu/assertions.go:35.58,36.27 1 1
github.com/bradobro/gu/assertions.go:39.2,39.12 1 1
github.com/bradobro/gu/assertions.go:36.27,38.3 1 1
github.com/bradobro/gu/assertions.go:43.53,44.23 1 1
github.com/bradobro/gu/assertions.go:47.2,47.12 1 1
github.com/bradobro/gu/assertions.go:44.23,46.3 1 1
github.com/bradobro/gu/assertions.go:53.40,55.2 1 1
github.com/bradobro/gu/assertions.go:58.40,60.2 1 1
github.com/bradobro/gu/assertions.go:63.45,64.27 1 1
github.com/bradobro/gu/assertions.go:69.2,69.8 1 1
github.com/bradobro/gu/assertions.go:64.27,65.15 1 1
github.com/bradobro/gu/assertions.go:65.15,67.4 1 1
github.com/bradobro/gu/assertions.go:73.48,74.27 1 1
github.com/bradobro/gu/assertions.go:79.2,79.8 1 1
github.com/bradobro/gu/assertions.go:74.27,75.15 1 1
github.com/bradobro/gu/assertions.go:75.15,77.4 1 1
github.com/bradobro/gu/assertions.go:89.46,90.27 1 1
github.com/bradobro/gu/assertions.go:97.2,97.8 1 1
github.com/bradobro/gu/assertions.go:90.27,91.29 1 1
github.com/bradobro/gu/assertions.go:91.29,93.4 1 1
github.com/bradobro/gu/assertions.go:93.9,93.16 1 1
github.com/bradobro/gu/assertions.go:93.16,95.4 1 1
github.com/bradobro/gu/assertions.go:101.47,102.27 1 1
github.com/bradobro/gu/assertions.go:109.2,109.8 1 1
github.com/bradobro/gu/assertions.go:102.27,103.29 1 1
github.com/bradobro/gu/assertions.go:103.29,105.4 1 1
github.com/bradobro/gu/assertions.go:105.9,105.15 1 1
github.com/bradobro/gu/assertions.go:105.15,107.4 1 1
github.com/bradobro/gu/assertions.go:113.47,114.45 1 1
github.com/bradobro/gu/assertions.go:117.2,118.31 2 1
github.com/bradobro/gu/assertions.go:123.2,123.8 1 1
github.com/bradobro/gu/assertions.go:114.45,116.3 1 1
github.com/bradobro/gu/assertions.go:118.31,119.31 1 1
github.com/bradobro/gu/assertions.go:119.31,121.4 1 1
github.com/bradobro/gu/assertions.go:127.49,128.45 1 1
github.com/bradobro/gu/assertions.go:131.2,132.31 2 1
github.com/bradobro/gu/assertions.go:137.2,137.8 1 1
github.com/bradobro/gu/assertions.go:128.45,130.3 1 1
github.com/bradobro/gu/assertions.go:132.31,133.31 1 1
github.com/bradobro/gu/assertions.go:133.31,135.4 1 1
