mode: set
github.com/bradobro/gu/assert.go:31.77,40.2 2 1
github.com/bradobro/gu/assert.go:44.93,47.16 2 1
github.com/bradobro/gu/assert.go:50.2,51.21 2 1
github.com/bradobro/gu/assert.go:47.16,49.3 1 1
github.com/bradobro/gu/assert.go:51.21,54.3 2 1
github.com/bradobro/gu/assert.go:58.79,60.2 1 1
github.com/bradobro/gu/assertions.go:12.38,14.29 1 1
github.com/bradobro/gu/assertions.go:17.2,17.35 1 1
github.com/bradobro/gu/assertions.go:14.29,16.3 1 1
github.com/bradobro/gu/assertions.go:27.52,28.27 1 1
github.com/bradobro/gu/assertions.go:31.2,31.12 1 1
github.com/bradobro/gu/assertions.go:28.27,30.3 1 1
github.com/bradobro/gu/assertions.go:35.60,36.27 1 1
github.com/bradobro/gu/assertions.go:39.2,39.12 1 1
github.com/bradobro/gu/assertions.go:36.27,38.3 1 1
github.com/bradobro/gu/assertions.go:43.55,44.23 1 1
github.com/bradobro/gu/assertions.go:47.2,47.12 1 1
github.com/bradobro/gu/assertions.go:44.23,46.3 1 1
github.com/bradobro/gu/assertions.go:53.40,55.2 1 1
github.com/bradobro/gu/assertions.go:58.40,60.2 1 1
github.com/bradobro/gu/assertions.go:63.45,64.27 1 1
github.com/bradobro/gu/assertions.go:69.2,69.8 1 1
github.com/bradobro/gu/assertions.go:64.27,65.15 1 1
github.com/bradobro/gu/assertions.go:65.15,67.4 1 1
github.com/bradobro/gu/assertions.go:73.48,74.27 1 1
github.com/bradobro/gu/assertions.go:79.2,79.8 1 1
github.com/bradobro/gu/assertions.go:74.27,75.15 1 1
github.com/bradobro/gu/assertions.go:75.15,77.4 1 1
github.com/bradobro/gu/assertions.go:89.46,90.27 1 1
github.com/bradobro/gu/assertions.go:97.2,97.8 1 1
github.com/bradobro/gu/assertions.go:90.27,91.29 1 1
github.com/bradobro/gu/assertions.go:91.29,93.4 1 1
github.com/bradobro/gu/assertions.go:93.4,93.16 1 1
github.com/bradobro/gu/assertions.go:93.16,95.4 1 1
github.com/bradobro/gu/assertions.go:101.47,102.27 1 1
github.com/bradobro/gu/assertions.go:109.2,109.8 1 1
github.com/bradobro/gu/assertions.go:102.27,103.29 1 1
github.com/bradobro/gu/assertions.go:103.29,105.4 1 1
github.com/bradobro/gu/assertions.go:105.4,105.15 1 1
github.com/bradobro/gu/assertions.go:105.15,107.4 1 1
github.com/bradobro/gu/assertions.go:113.47,114.47 1 1
github.com/bradobro/gu/assertions.go:117.2,118.31 2 1
github.com/bradobro/gu/assertions.go:123.2,123.8 1 1
github.com/bradobro/gu/assertions.go:114.47,116.3 1 1
github.com/bradobro/gu/assertions.go:118.31,119.31 1 1
github.com/bradobro/gu/assertions.go:119.31,121.4 1 1
github.com/bradobro/gu/assertions.go:127.49,128.47 1 1
github.com/bradobro/gu/assertions.go:131.2,132.31 2 1
github.com/bradobro/gu/assertions.go:137.2,137.8 1 1
github.com/bradobro/gu/assertions.go:128.47,130.3 1 1
github.com/bradobro/gu/assertions.go:132.31,133.31 1 1
github.com/bradobro/gu/assertions.go:133.31,135.4 1 1
github.com/bradobro/gu/report.go:44.28,46.2 1 1
github.com/bradobro/gu/report.go:48.52,50.17 2 1
github.com/bradobro/gu/report.go:59.2,59.8 1 1
github.com/bradobro/gu/report.go:50.17,53.3 2 1
github.com/bradobro/gu/report.go:53.3,55.3 1 1
github.com/bradobro/gu/report.go:63.64,66.2 1 1
github.com/bradobro/gu/report.go:75.66,77.2 1 1
github.com/bradobro/gu/report.go:80.45,82.2 1 1
github.com/bradobro/gu/report.go:85.73,86.16 1 1
github.com/bradobro/gu/report.go:89.2,91.19 3 1
github.com/bradobro/gu/report.go:94.2,94.19 1 1
github.com/bradobro/gu/report.go:97.2,97.8 1 1
github.com/bradobro/gu/report.go:86.16,88.3 1 1
github.com/bradobro/gu/report.go:91.19,93.3 1 1
github.com/bradobro/gu/report.go:94.19,96.3 1 1
github.com/bradobro/gu/report.go:103.76,107.32 4 1
github.com/bradobro/gu/report.go:110.2,112.21 3 1
github.com/bradobro/gu/report.go:115.2,115.21 1 1
github.com/bradobro/gu/report.go:118.2,118.22 1 1
github.com/bradobro/gu/report.go:121.2,122.19 2 1
github.com/bradobro/gu/report.go:125.2,125.14 1 1
github.com/bradobro/gu/report.go:107.32,109.3 1 1
github.com/bradobro/gu/report.go:112.21,114.3 1 1
github.com/bradobro/gu/report.go:115.21,117.3 1 1
github.com/bradobro/gu/report.go:118.22,120.3 1 1
github.com/bradobro/gu/report.go:122.19,124.3 1 1
github.com/bradobro/gu/report.go:129.85,130.28 1 1
github.com/bradobro/gu/report.go:133.2,133.37 1 1
github.com/bradobro/gu/report.go:130.28,132.3 1 1
github.com/bradobro/gu/report.go:137.99,138.28 1 1
github.com/bradobro/gu/report.go:141.2,141.17 1 1
github.com/bradobro/gu/report.go:144.2,144.30 1 1
github.com/bradobro/gu/report.go:147.2,147.8 1 1
github.com/bradobro/gu/report.go:138.28,140.3 1 1
github.com/bradobro/gu/report.go:141.17,143.3 1 1
github.com/bradobro/gu/report.go:144.30,146.3 1 1
github.com/bradobro/gu/report.go:154.65,156.35 2 1
github.com/bradobro/gu/report.go:163.2,163.8 1 1
github.com/bradobro/gu/report.go:156.35,158.10 2 1
github.com/bradobro/gu/report.go:161.3,161.45 1 1
github.com/bradobro/gu/report.go:158.10,159.9 1 1
github.com/bradobro/gu/report.go:168.35,169.65 1 1
github.com/bradobro/gu/report.go:172.2,172.31 1 1
github.com/bradobro/gu/report.go:169.65,171.3 1 1
